<?xml version="1.0" encoding="UTF-8"?>
<!-- Generated by org.testng.reporters.JUnitReportReporter -->
<testsuite hostname="DNE-4652497-L1" failures="2" tests="6" name="com.FXO_Shiftleft_BDD.automation.testRunner.RunTest" time="503.605" errors="0" timestamp="2022-12-06T11:09:55 CST" skipped="0">
  <testcase classname="com.FXO_Shiftleft_BDD.automation.testRunner.RunTest" name="runScenario" time="64.113"/>
  <system-out/>
  <testcase classname="com.FXO_Shiftleft_BDD.automation.testRunner.RunTest" name="runScenario" time="71.187">
    <failure message="Locator expected to be enabled
Call log:
Locator.expect with timeout 5000ms
waiting for locator(&quot;xpath=//button[@id=&#039;upload-a-file-button&#039;]&quot;)" type="org.opentest4j.AssertionFailedError">
      <![CDATA[org.opentest4j.AssertionFailedError: Locator expected to be enabled
Call log:
Locator.expect with timeout 5000ms
waiting for locator("xpath=//button[@id='upload-a-file-button']")
at com.microsoft.playwright.impl.AssertionsBase.expectImpl(AssertionsBase.java:68)
at com.microsoft.playwright.impl.AssertionsBase.expectImpl(AssertionsBase.java:50)
at com.microsoft.playwright.impl.LocatorAssertionsImpl.expectTrue(LocatorAssertionsImpl.java:338)
at com.microsoft.playwright.impl.LocatorAssertionsImpl.isEnabled(LocatorAssertionsImpl.java:316)
at com.microsoft.playwright.assertions.LocatorAssertions.isEnabled(LocatorAssertions.java:448)
at com.FXO_Shiftleft_BDD.automation.Pages.homePage.clickelement(homePage.java:69)
at com.FXO_Shiftleft_BDD.automation.Pages.homePage.uploadTemplates(homePage.java:106)
at com.FXO_Shiftleft_BDD.automation.stepDefinations.mirkalpickupSteps.upload_template(mirkalpickupSteps.java:75)
at ✽.upload template productTwo22(file:///C:/Users/4652497/git/MergeCodeLocal/FXO_Shiftleft_BDD_Framework_V001/./src/test/resources/Feature/mirkalPickupFlow.feature:20)
]]>
    </failure>
  </testcase> <!-- runScenario -->
  <system-out/>
  <testcase classname="com.FXO_Shiftleft_BDD.automation.testRunner.RunTest" name="runScenario" time="65.062"/>
  <system-out/>
  <testcase classname="com.FXO_Shiftleft_BDD.automation.testRunner.RunTest" name="runScenario" time="69.956">
    <failure message="Locator expected to be enabled
Call log:
Locator.expect with timeout 5000ms
waiting for locator(&quot;xpath=//button[@id=&#039;upload-a-file-button&#039;]&quot;)" type="org.opentest4j.AssertionFailedError">
      <![CDATA[org.opentest4j.AssertionFailedError: Locator expected to be enabled
Call log:
Locator.expect with timeout 5000ms
waiting for locator("xpath=//button[@id='upload-a-file-button']")
at com.microsoft.playwright.impl.AssertionsBase.expectImpl(AssertionsBase.java:68)
at com.microsoft.playwright.impl.AssertionsBase.expectImpl(AssertionsBase.java:50)
at com.microsoft.playwright.impl.LocatorAssertionsImpl.expectTrue(LocatorAssertionsImpl.java:338)
at com.microsoft.playwright.impl.LocatorAssertionsImpl.isEnabled(LocatorAssertionsImpl.java:316)
at com.microsoft.playwright.assertions.LocatorAssertions.isEnabled(LocatorAssertions.java:448)
at com.FXO_Shiftleft_BDD.automation.Pages.homePage.clickelement(homePage.java:69)
at com.FXO_Shiftleft_BDD.automation.Pages.homePage.uploadTemplates(homePage.java:106)
at com.FXO_Shiftleft_BDD.automation.stepDefinations.mirkalpickupSteps.upload_template(mirkalpickupSteps.java:75)
at ✽.upload template productOne11(file:///C:/Users/4652497/git/MergeCodeLocal/FXO_Shiftleft_BDD_Framework_V001/./src/test/resources/Feature/mirkalPickupFlow.feature:20)
]]>
    </failure>
  </testcase> <!-- runScenario -->
  <system-out/>
  <testcase classname="com.FXO_Shiftleft_BDD.automation.testRunner.RunTest" name="runScenario" time="65.055"/>
  <system-out/>
  <testcase classname="com.FXO_Shiftleft_BDD.automation.testRunner.RunTest" name="runScenario" time="168.232"/>
  <system-out/>
</testsuite> <!-- com.FXO_Shiftleft_BDD.automation.testRunner.RunTest -->
